www.yoka.com/beauty/face/2010/0315319316.shtml
bdp1.yokacdn.com/attachments/2010/04/12/2010_04_1212710189610.99878800_S.jpg
bdp1.yokacdn.com/attachments/2010/04/12/2010_04_1212710189610.99878800_S.jpg
msn.yoka.com/xml/Feed26
msn.yoka.com/xml/Feed26.xml
msn.yoka.com/xml/Feed26.xml
msn.yoka.com/xml/Feed26.xml
msn.yoka.com/xml/Feed26.xml
g.yoka.com/360so/xml/category_0_10_20130222.xml
g.yoka.com/360so/xml/category_0_10_20130222.xml
g.yoka.com/360so/xml/category_0_10_20130222.xml
g.yoka.com/360so/xml/category_0_10_20130222.xml
g.yoka.com/360so/xml/category_0_10_20130222.xml
g.yoka.com/360so/xml/category_0_10_20130222.xml
g.yoka.com/360so/xml/category_0_10_20130222.xml
g.yoka.com/360so/xml/category_0_10_20130222.xml
g.yoka.com/360so/xml/category_0_10_20130222.xml
g.yoka.com/360so/xml/category_0_10_20130222.xml
g.yoka.com/360so/xml/category_0_10_20130222.xml
g.yoka.com/360so/xml/category_0_10_20130222.xml
g.yoka.com/360so/xml/category_0_10_20130222.xml
g.yoka.com/360so/xml/category_0_10_20130222.xml
g.yoka.com/360so/xml/category_0_10_20130222.xml
g.yoka.com/360so/xml/category_0_10_20130222.xml
g.yoka.com/360so/xml/category_0_10_20130222.xml
g.yoka.com/360so/xml/category_0_10_20130222.xml
g.yoka.com/360so/xml/category_0_10_20130222.xml
brand.yoka.com/cosmeticsmvc/afu/commentreply6005913.htm
brand.yoka.com/cosmeticsmvc/afu/commentreply6005913.htm
brand.yoka.com/cosmeticsmvc/afu/commentreply6005913.htm
brand.yoka.com/cosmeticsmvc/afu/commentreply6005913.htm
brand.yoka.com/cosmeticsmvc/afu/commentreply6005913.htm
brand.yoka.com/cosmeticsmvc/afu/commentreply6005913.htm
brand.yoka.com/cosmeticsmvc/afu/commentreply6005913.htm
brand.yoka.com/cosmeticsmvc/afu/commentreply6005913.htm
brand.yoka.com/cosmeticsmvc/afu/commentreply6005913.htm
brand.yoka.com/cosmetics/afu/commentreply6005913.htm
brand.yoka.com/cosmetics/afu/commentreply6005913.htm
brand.yoka.com/cosmetics/afu/commentreply6005913.htm
brand.yoka.com/cosmetics/afu/commentreply6005913.htm
brand.yoka.com/cosmetics/afu/commentreply6005913.htm
brand.yoka.com/cosmetics/afu/commentreply6005913.htm
brand.yoka.com/cosmetics/afu/commentreply6005913.htm
brand.yoka.com/cosmetics/afu/commentreply6005913.htm
brand.yoka.com/cosmetics/afu/commentreply6005913.htm
brand.yoka.com/cosmetics/afu/commentreply6005913.htm
brand.yoka.com/cosmetics/afu/commentreply6005913.htm
brand.yoka.com/cosmetics/afu/commentreply6005913.htm
brand.yoka.com/cosmetics/afu/commentreply6005913.htm
brand.yoka.com/cosmetics/afu/commentreply6005913.htm
brand.yoka.com/cosmetics/afu/commentreply6005913.htm
brand.yoka.com/cosmetics/afu/commentreply6005913.htm
brand.yoka.com/cosmetics/afu/commentreply6005913.htm
brand.yoka.com/cosmetics/afu/commentreply6005913.htm
brand.yoka.com/cosmetics/afu/commentreply6005913.htm
brand.yoka.com/cosmetics/afu/commentreply6005913.htm
brand.yoka.com/cosmetics/afu/commentreply6005913.htm
brand.yoka.com/cosmetics/afu/commentreply6005913.htm
brand.yoka.com/cosmetics/afu/commentreply6005913.htm
brand.yoka.com/cosmetics/afu/commentreply6005913.htm
brand.yoka.com/cosmetics/afu/commentreply6005913.htm
brand.yoka.com/cosmetics/afu/commentreply6005913.htm
brand.yoka.com/cosmetics/afu/commentreply6005913.htm
brand.yoka.com/cosmetics/afu/commentreply6005913.htm
brand.yoka.com/cosmetics/afu/commentreply6005913.htm
brand.yoka.com/cosmetics/afu/commentreply6005913.htm
brand.yoka.com/cosmetics/afu/commentreply6005913.htm
brand.yoka.com/cosmetics/afu/commentreply6005913.htm
brand.yoka.com/cosmetics/afu/commentreply6005913.htm
brand.yoka.com/cosmetics/afu/commentreply6005913.htm
brand.yoka.com//cosmetics/afu/commentreply6005913.htm
brand.yoka.com/cosmetics/afu/commentreply6005913.htm
brand.yoka.com/cosmetics/afu/commentreply6005913.htm
brand.yoka.com/cosmetics/afu/commentreply6005913.htm
brand.yoka.com/cosmetics/afu/commentreply6005913.htm
brand.yoka.com/cosmetics/afu/commentreply6005913.htm
brand.yoka.com/cosmetics/afu/commentreply6005913.htm
brand.yoka.com/cosmetics/afu/commentreply6005913.htm
brand.yoka.com/cosmetics/afu/commentreply6005913.htm
brand.yoka.com/cosmetics/afu/commentreply6005913.htm
brand.yoka.com
brand.yoka.com
brand.yoka.com
brand.yoka.com
